2023-01-11 16:25:53,754 - radioButtons.RadioButtons_Automate -INFO - Milk true
2023-01-11 16:25:53,826 - radioButtons.RadioButtons_Automate -INFO - Butter null
2023-01-11 16:25:53,899 - radioButtons.RadioButtons_Automate -INFO - Cheese null
2023-01-11 16:25:53,957 - radioButtons.RadioButtons_Automate -INFO - Water null
2023-01-11 16:25:54,015 - radioButtons.RadioButtons_Automate -INFO - Beer null
2023-01-11 16:25:54,068 - radioButtons.RadioButtons_Automate -INFO - Wine true
2023-01-11 16:25:54,204 - radioButtons.RadioButtons_Automate -INFO - Milk null
2023-01-11 16:25:54,276 - radioButtons.RadioButtons_Automate -INFO - Butter true
2023-01-11 16:25:54,341 - radioButtons.RadioButtons_Automate -INFO - Cheese null
2023-01-11 16:25:54,403 - radioButtons.RadioButtons_Automate -INFO - Water null
2023-01-11 16:25:54,481 - radioButtons.RadioButtons_Automate -INFO - Beer null
2023-01-11 16:25:54,546 - radioButtons.RadioButtons_Automate -INFO - Wine true
2023-01-11 16:25:54,672 - radioButtons.RadioButtons_Automate -INFO - Milk null
2023-01-11 16:25:54,709 - radioButtons.RadioButtons_Automate -INFO - Butter null
2023-01-11 16:25:54,748 - radioButtons.RadioButtons_Automate -INFO - Cheese true
2023-01-11 16:25:54,785 - radioButtons.RadioButtons_Automate -INFO - Water null
2023-01-11 16:25:54,820 - radioButtons.RadioButtons_Automate -INFO - Beer null
2023-01-11 16:25:54,856 - radioButtons.RadioButtons_Automate -INFO - Wine true
2023-01-11 16:25:54,937 - radioButtons.RadioButtons_Automate -INFO - Milk null
2023-01-11 16:25:54,968 - radioButtons.RadioButtons_Automate -INFO - Butter null
2023-01-11 16:25:55,000 - radioButtons.RadioButtons_Automate -INFO - Cheese true
2023-01-11 16:25:55,029 - radioButtons.RadioButtons_Automate -INFO - Water true
2023-01-11 16:25:55,063 - radioButtons.RadioButtons_Automate -INFO - Beer null
2023-01-11 16:25:55,095 - radioButtons.RadioButtons_Automate -INFO - Wine null
2023-01-11 16:25:55,173 - radioButtons.RadioButtons_Automate -INFO - Milk null
2023-01-11 16:25:55,205 - radioButtons.RadioButtons_Automate -INFO - Butter null
2023-01-11 16:25:55,236 - radioButtons.RadioButtons_Automate -INFO - Cheese true
2023-01-11 16:25:55,268 - radioButtons.RadioButtons_Automate -INFO - Water null
2023-01-11 16:25:55,296 - radioButtons.RadioButtons_Automate -INFO - Beer true
2023-01-11 16:25:55,327 - radioButtons.RadioButtons_Automate -INFO - Wine null
2023-01-11 16:25:55,404 - radioButtons.RadioButtons_Automate -INFO - Milk null
2023-01-11 16:25:55,436 - radioButtons.RadioButtons_Automate -INFO - Butter null
2023-01-11 16:25:55,466 - radioButtons.RadioButtons_Automate -INFO - Cheese true
2023-01-11 16:25:55,495 - radioButtons.RadioButtons_Automate -INFO - Water null
2023-01-11 16:25:55,523 - radioButtons.RadioButtons_Automate -INFO - Beer null
2023-01-11 16:25:55,551 - radioButtons.RadioButtons_Automate -INFO - Wine true
2023-01-19 18:55:27,523 - radioButtons.RadioButtons_Automate -INFO - Milk true
2023-01-19 18:55:27,583 - radioButtons.RadioButtons_Automate -INFO - Butter null
2023-01-19 18:55:27,787 - radioButtons.RadioButtons_Automate -INFO - Cheese null
2023-01-19 18:55:27,830 - radioButtons.RadioButtons_Automate -INFO - Water null
2023-01-19 18:55:27,880 - radioButtons.RadioButtons_Automate -INFO - Beer null
2023-01-19 18:55:27,916 - radioButtons.RadioButtons_Automate -INFO - Wine true
2023-01-19 18:55:27,995 - radioButtons.RadioButtons_Automate -INFO - Milk null
2023-01-19 18:55:28,031 - radioButtons.RadioButtons_Automate -INFO - Butter true
2023-01-19 18:55:28,069 - radioButtons.RadioButtons_Automate -INFO - Cheese null
2023-01-19 18:55:28,104 - radioButtons.RadioButtons_Automate -INFO - Water null
2023-01-19 18:55:28,139 - radioButtons.RadioButtons_Automate -INFO - Beer null
2023-01-19 18:55:28,174 - radioButtons.RadioButtons_Automate -INFO - Wine true
2023-01-19 18:55:28,261 - radioButtons.RadioButtons_Automate -INFO - Milk null
2023-01-19 18:55:28,299 - radioButtons.RadioButtons_Automate -INFO - Butter null
2023-01-19 18:55:28,337 - radioButtons.RadioButtons_Automate -INFO - Cheese true
2023-01-19 18:55:28,374 - radioButtons.RadioButtons_Automate -INFO - Water null
2023-01-19 18:55:28,408 - radioButtons.RadioButtons_Automate -INFO - Beer null
2023-01-19 18:55:28,443 - radioButtons.RadioButtons_Automate -INFO - Wine true
2023-01-19 18:55:28,570 - radioButtons.RadioButtons_Automate -INFO - Milk null
2023-01-19 18:55:28,624 - radioButtons.RadioButtons_Automate -INFO - Butter null
2023-01-19 18:55:28,675 - radioButtons.RadioButtons_Automate -INFO - Cheese true
2023-01-19 18:55:28,732 - radioButtons.RadioButtons_Automate -INFO - Water true
2023-01-19 18:55:28,795 - radioButtons.RadioButtons_Automate -INFO - Beer null
2023-01-19 18:55:28,833 - radioButtons.RadioButtons_Automate -INFO - Wine null
2023-01-19 18:55:28,934 - radioButtons.RadioButtons_Automate -INFO - Milk null
2023-01-19 18:55:28,972 - radioButtons.RadioButtons_Automate -INFO - Butter null
2023-01-19 18:55:29,005 - radioButtons.RadioButtons_Automate -INFO - Cheese true
2023-01-19 18:55:29,035 - radioButtons.RadioButtons_Automate -INFO - Water null
2023-01-19 18:55:29,066 - radioButtons.RadioButtons_Automate -INFO - Beer true
2023-01-19 18:55:29,098 - radioButtons.RadioButtons_Automate -INFO - Wine null
2023-01-19 18:55:29,182 - radioButtons.RadioButtons_Automate -INFO - Milk null
2023-01-19 18:55:29,216 - radioButtons.RadioButtons_Automate -INFO - Butter null
2023-01-19 18:55:29,259 - radioButtons.RadioButtons_Automate -INFO - Cheese true
2023-01-19 18:55:29,314 - radioButtons.RadioButtons_Automate -INFO - Water null
2023-01-19 18:55:29,369 - radioButtons.RadioButtons_Automate -INFO - Beer null
2023-01-19 18:55:29,412 - radioButtons.RadioButtons_Automate -INFO - Wine true
