[main] INFO radioButtons.RadioButtons_Automate - Milk true
[main] INFO radioButtons.RadioButtons_Automate - Butter null
[main] INFO radioButtons.RadioButtons_Automate - Cheese null
[main] INFO radioButtons.RadioButtons_Automate - Water null
[main] INFO radioButtons.RadioButtons_Automate - Beer null
[main] INFO radioButtons.RadioButtons_Automate - Wine true
[main] INFO radioButtons.RadioButtons_Automate - Milk null
[main] INFO radioButtons.RadioButtons_Automate - Butter true
[main] INFO radioButtons.RadioButtons_Automate - Cheese null
[main] INFO radioButtons.RadioButtons_Automate - Water null
[main] INFO radioButtons.RadioButtons_Automate - Beer null
[main] INFO radioButtons.RadioButtons_Automate - Wine true
[main] INFO radioButtons.RadioButtons_Automate - Milk null
[main] INFO radioButtons.RadioButtons_Automate - Butter null
[main] INFO radioButtons.RadioButtons_Automate - Cheese true
[main] INFO radioButtons.RadioButtons_Automate - Water null
[main] INFO radioButtons.RadioButtons_Automate - Beer null
[main] INFO radioButtons.RadioButtons_Automate - Wine true
[main] INFO radioButtons.RadioButtons_Automate - Milk null
[main] INFO radioButtons.RadioButtons_Automate - Butter null
[main] INFO radioButtons.RadioButtons_Automate - Cheese true
[main] INFO radioButtons.RadioButtons_Automate - Water true
[main] INFO radioButtons.RadioButtons_Automate - Beer null
[main] INFO radioButtons.RadioButtons_Automate - Wine null
[main] INFO radioButtons.RadioButtons_Automate - Milk null
[main] INFO radioButtons.RadioButtons_Automate - Butter null
[main] INFO radioButtons.RadioButtons_Automate - Cheese true
[main] INFO radioButtons.RadioButtons_Automate - Water null
[main] INFO radioButtons.RadioButtons_Automate - Beer true
[main] INFO radioButtons.RadioButtons_Automate - Wine null
[main] INFO radioButtons.RadioButtons_Automate - Milk null
[main] INFO radioButtons.RadioButtons_Automate - Butter null
[main] INFO radioButtons.RadioButtons_Automate - Cheese true
[main] INFO radioButtons.RadioButtons_Automate - Water null
[main] INFO radioButtons.RadioButtons_Automate - Beer null
[main] INFO radioButtons.RadioButtons_Automate - Wine true
[main] INFO radioButtons.RadioButtons_Automate - Milk true
[main] INFO radioButtons.RadioButtons_Automate - Butter null
[main] INFO radioButtons.RadioButtons_Automate - Cheese null
[main] INFO radioButtons.RadioButtons_Automate - Water null
[main] INFO radioButtons.RadioButtons_Automate - Beer null
[main] INFO radioButtons.RadioButtons_Automate - Wine true
[main] INFO radioButtons.RadioButtons_Automate - Milk null
[main] INFO radioButtons.RadioButtons_Automate - Butter true
[main] INFO radioButtons.RadioButtons_Automate - Cheese null
[main] INFO radioButtons.RadioButtons_Automate - Water null
[main] INFO radioButtons.RadioButtons_Automate - Beer null
[main] INFO radioButtons.RadioButtons_Automate - Wine true
[main] INFO radioButtons.RadioButtons_Automate - Milk null
[main] INFO radioButtons.RadioButtons_Automate - Butter null
[main] INFO radioButtons.RadioButtons_Automate - Cheese true
[main] INFO radioButtons.RadioButtons_Automate - Water null
[main] INFO radioButtons.RadioButtons_Automate - Beer null
[main] INFO radioButtons.RadioButtons_Automate - Wine true
[main] INFO radioButtons.RadioButtons_Automate - Milk null
[main] INFO radioButtons.RadioButtons_Automate - Butter null
[main] INFO radioButtons.RadioButtons_Automate - Cheese true
[main] INFO radioButtons.RadioButtons_Automate - Water true
[main] INFO radioButtons.RadioButtons_Automate - Beer null
[main] INFO radioButtons.RadioButtons_Automate - Wine null
[main] INFO radioButtons.RadioButtons_Automate - Milk null
[main] INFO radioButtons.RadioButtons_Automate - Butter null
[main] INFO radioButtons.RadioButtons_Automate - Cheese true
[main] INFO radioButtons.RadioButtons_Automate - Water null
[main] INFO radioButtons.RadioButtons_Automate - Beer true
[main] INFO radioButtons.RadioButtons_Automate - Wine null
[main] INFO radioButtons.RadioButtons_Automate - Milk null
[main] INFO radioButtons.RadioButtons_Automate - Butter null
[main] INFO radioButtons.RadioButtons_Automate - Cheese true
[main] INFO radioButtons.RadioButtons_Automate - Water null
[main] INFO radioButtons.RadioButtons_Automate - Beer null
[main] INFO radioButtons.RadioButtons_Automate - Wine true
